<?xml version="1.0" encoding="UTF-8"?>
<testng-results ignored="0" total="1" passed="1" failed="0" skipped="0">
  <reporter-output>
  </reporter-output>
  <suite started-at="2023-08-03T10:06:23 IST" name="Default suite" finished-at="2023-08-03T10:06:23 IST" duration-ms="37">
    <groups>
    </groups>
    <test started-at="2023-08-03T10:06:23 IST" name="Default test" finished-at="2023-08-03T10:06:23 IST" duration-ms="37">
      <class name="testng.TestNgClass">
        <test-method signature="test()[pri:0, instance:testng.TestNgClass@3059cbc]" started-at="2023-08-03T10:06:23 IST" name="test" finished-at="2023-08-03T10:06:23 IST" duration-ms="6" status="PASS">
          <reporter-output>
          </reporter-output>
        </test-method> <!-- test -->
      </class> <!-- testng.TestNgClass -->
    </test> <!-- Default test -->
  </suite> <!-- Default suite -->
</testng-results>
